{"C:\\Users\\Patrick\\DEV\\2_JavaScript\\2_dev_perso\\38-kata-TDD\\36-kata-tennis-score\\kata\\TennisScore.js": {"path":"C:\\Users\\Patrick\\DEV\\2_JavaScript\\2_dev_perso\\38-kata-TDD\\36-kata-tennis-score\\kata\\TennisScore.js","all":false,"statementMap":{"0":{"start":{"line":1,"column":0},"end":{"line":1,"column":19}},"1":{"start":{"line":2,"column":0},"end":{"line":2,"column":10}},"2":{"start":{"line":3,"column":0},"end":{"line":3,"column":10}},"3":{"start":{"line":4,"column":0},"end":{"line":4,"column":8}},"4":{"start":{"line":5,"column":0},"end":{"line":5,"column":17}},"5":{"start":{"line":6,"column":0},"end":{"line":6,"column":38}},"6":{"start":{"line":7,"column":0},"end":{"line":7,"column":28}},"7":{"start":{"line":8,"column":0},"end":{"line":8,"column":28}},"8":{"start":{"line":9,"column":0},"end":{"line":9,"column":24}},"9":{"start":{"line":10,"column":0},"end":{"line":10,"column":5}},"10":{"start":{"line":11,"column":0},"end":{"line":11,"column":0}},"11":{"start":{"line":12,"column":0},"end":{"line":12,"column":10}},"12":{"start":{"line":13,"column":0},"end":{"line":13,"column":40}},"13":{"start":{"line":14,"column":0},"end":{"line":14,"column":19}},"14":{"start":{"line":15,"column":0},"end":{"line":15,"column":5}},"15":{"start":{"line":16,"column":0},"end":{"line":16,"column":15}},"16":{"start":{"line":17,"column":0},"end":{"line":17,"column":72}},"17":{"start":{"line":18,"column":0},"end":{"line":18,"column":55}},"18":{"start":{"line":19,"column":0},"end":{"line":19,"column":5}},"19":{"start":{"line":20,"column":0},"end":{"line":20,"column":15}},"20":{"start":{"line":21,"column":0},"end":{"line":21,"column":33}},"21":{"start":{"line":22,"column":0},"end":{"line":22,"column":25}},"22":{"start":{"line":23,"column":0},"end":{"line":23,"column":9}},"23":{"start":{"line":24,"column":0},"end":{"line":24,"column":33}},"24":{"start":{"line":25,"column":0},"end":{"line":25,"column":25}},"25":{"start":{"line":26,"column":0},"end":{"line":26,"column":9}},"26":{"start":{"line":27,"column":0},"end":{"line":27,"column":32}},"27":{"start":{"line":28,"column":0},"end":{"line":28,"column":25}},"28":{"start":{"line":29,"column":0},"end":{"line":29,"column":9}},"29":{"start":{"line":30,"column":0},"end":{"line":30,"column":5}},"30":{"start":{"line":31,"column":0},"end":{"line":31,"column":21}},"31":{"start":{"line":32,"column":0},"end":{"line":32,"column":68}},"32":{"start":{"line":33,"column":0},"end":{"line":33,"column":45}},"33":{"start":{"line":34,"column":0},"end":{"line":34,"column":9}},"34":{"start":{"line":35,"column":0},"end":{"line":35,"column":68}},"35":{"start":{"line":36,"column":0},"end":{"line":36,"column":45}},"36":{"start":{"line":37,"column":0},"end":{"line":37,"column":9}},"37":{"start":{"line":38,"column":0},"end":{"line":38,"column":67}},"38":{"start":{"line":39,"column":0},"end":{"line":39,"column":41}},"39":{"start":{"line":40,"column":0},"end":{"line":40,"column":9}},"40":{"start":{"line":41,"column":0},"end":{"line":41,"column":67}},"41":{"start":{"line":42,"column":0},"end":{"line":42,"column":41}},"42":{"start":{"line":43,"column":0},"end":{"line":43,"column":9}},"43":{"start":{"line":44,"column":0},"end":{"line":44,"column":5}},"44":{"start":{"line":45,"column":0},"end":{"line":45,"column":4}},"45":{"start":{"line":46,"column":0},"end":{"line":46,"column":13}},"46":{"start":{"line":47,"column":0},"end":{"line":47,"column":26}},"47":{"start":{"line":48,"column":0},"end":{"line":48,"column":48}},"48":{"start":{"line":49,"column":0},"end":{"line":49,"column":0}},"49":{"start":{"line":50,"column":0},"end":{"line":50,"column":43}},"50":{"start":{"line":51,"column":0},"end":{"line":51,"column":35}},"51":{"start":{"line":52,"column":0},"end":{"line":52,"column":10}},"52":{"start":{"line":53,"column":0},"end":{"line":53,"column":55}},"53":{"start":{"line":54,"column":0},"end":{"line":54,"column":9}},"54":{"start":{"line":55,"column":0},"end":{"line":55,"column":40}},"55":{"start":{"line":56,"column":0},"end":{"line":56,"column":9}},"56":{"start":{"line":57,"column":0},"end":{"line":57,"column":26}},"57":{"start":{"line":58,"column":0},"end":{"line":58,"column":24}},"58":{"start":{"line":59,"column":0},"end":{"line":59,"column":24}},"59":{"start":{"line":60,"column":0},"end":{"line":60,"column":35}},"60":{"start":{"line":61,"column":0},"end":{"line":61,"column":29}},"61":{"start":{"line":62,"column":0},"end":{"line":62,"column":13}},"62":{"start":{"line":63,"column":0},"end":{"line":63,"column":35}},"63":{"start":{"line":64,"column":0},"end":{"line":64,"column":29}},"64":{"start":{"line":65,"column":0},"end":{"line":65,"column":13}},"65":{"start":{"line":66,"column":0},"end":{"line":66,"column":35}},"66":{"start":{"line":67,"column":0},"end":{"line":67,"column":29}},"67":{"start":{"line":68,"column":0},"end":{"line":68,"column":13}},"68":{"start":{"line":69,"column":0},"end":{"line":69,"column":35}},"69":{"start":{"line":70,"column":0},"end":{"line":70,"column":29}},"70":{"start":{"line":71,"column":0},"end":{"line":71,"column":13}},"71":{"start":{"line":72,"column":0},"end":{"line":72,"column":35}},"72":{"start":{"line":73,"column":0},"end":{"line":73,"column":29}},"73":{"start":{"line":74,"column":0},"end":{"line":74,"column":13}},"74":{"start":{"line":75,"column":0},"end":{"line":75,"column":35}},"75":{"start":{"line":76,"column":0},"end":{"line":76,"column":29}},"76":{"start":{"line":77,"column":0},"end":{"line":77,"column":13}},"77":{"start":{"line":78,"column":0},"end":{"line":78,"column":12}},"78":{"start":{"line":79,"column":0},"end":{"line":79,"column":12}},"79":{"start":{"line":80,"column":0},"end":{"line":80,"column":72}},"80":{"start":{"line":81,"column":0},"end":{"line":81,"column":9}},"81":{"start":{"line":82,"column":0},"end":{"line":82,"column":5}},"82":{"start":{"line":83,"column":0},"end":{"line":83,"column":18}},"83":{"start":{"line":84,"column":0},"end":{"line":84,"column":27}},"84":{"start":{"line":85,"column":0},"end":{"line":85,"column":38}},"85":{"start":{"line":86,"column":0},"end":{"line":86,"column":41}},"86":{"start":{"line":87,"column":0},"end":{"line":87,"column":31}},"87":{"start":{"line":88,"column":0},"end":{"line":88,"column":20}},"88":{"start":{"line":89,"column":0},"end":{"line":89,"column":31}},"89":{"start":{"line":90,"column":0},"end":{"line":90,"column":13}},"90":{"start":{"line":91,"column":0},"end":{"line":91,"column":11}},"91":{"start":{"line":92,"column":0},"end":{"line":92,"column":5}},"92":{"start":{"line":93,"column":0},"end":{"line":93,"column":4}},"93":{"start":{"line":94,"column":0},"end":{"line":94,"column":1}},"94":{"start":{"line":95,"column":0},"end":{"line":95,"column":0}},"95":{"start":{"line":96,"column":0},"end":{"line":96,"column":29}}},"s":{"0":1,"1":1,"2":1,"3":1,"4":1,"5":1,"6":1,"7":1,"8":1,"9":1,"10":1,"11":1,"12":1,"13":1,"14":1,"15":1,"16":1,"17":1,"18":1,"19":1,"20":2,"21":1,"22":1,"23":2,"24":0,"25":0,"26":1,"27":1,"28":1,"29":2,"30":1,"31":2,"32":0,"33":0,"34":2,"35":1,"36":1,"37":2,"38":1,"39":1,"40":2,"41":0,"42":0,"43":2,"44":1,"45":1,"46":6,"47":6,"48":6,"49":6,"50":4,"51":4,"52":4,"53":4,"54":2,"55":2,"56":2,"57":2,"58":2,"59":2,"60":0,"61":0,"62":2,"63":1,"64":1,"65":2,"66":1,"67":1,"68":2,"69":1,"70":1,"71":2,"72":1,"73":1,"74":2,"75":0,"76":0,"77":2,"78":2,"79":2,"80":2,"81":6,"82":1,"83":6,"84":6,"85":32,"86":13,"87":13,"88":13,"89":13,"90":32,"91":6,"92":1,"93":1,"94":1,"95":1},"branchMap":{"0":{"type":"branch","line":2,"loc":{"start":{"line":2,"column":4},"end":{"line":5,"column":13}},"locations":[{"start":{"line":2,"column":4},"end":{"line":5,"column":13}}]},"1":{"type":"branch","line":6,"loc":{"start":{"line":6,"column":4},"end":{"line":10,"column":5}},"locations":[{"start":{"line":6,"column":4},"end":{"line":10,"column":5}}]},"2":{"type":"branch","line":12,"loc":{"start":{"line":12,"column":4},"end":{"line":15,"column":5}},"locations":[{"start":{"line":12,"column":4},"end":{"line":15,"column":5}}]},"3":{"type":"branch","line":16,"loc":{"start":{"line":16,"column":4},"end":{"line":19,"column":5}},"locations":[{"start":{"line":16,"column":4},"end":{"line":19,"column":5}}]},"4":{"type":"branch","line":20,"loc":{"start":{"line":20,"column":4},"end":{"line":30,"column":5}},"locations":[{"start":{"line":20,"column":4},"end":{"line":30,"column":5}}]},"5":{"type":"branch","line":21,"loc":{"start":{"line":21,"column":32},"end":{"line":24,"column":12}},"locations":[{"start":{"line":21,"column":32},"end":{"line":24,"column":12}}]},"6":{"type":"branch","line":24,"loc":{"start":{"line":24,"column":32},"end":{"line":26,"column":9}},"locations":[{"start":{"line":24,"column":32},"end":{"line":26,"column":9}}]},"7":{"type":"branch","line":27,"loc":{"start":{"line":27,"column":-2},"end":{"line":29,"column":9}},"locations":[{"start":{"line":27,"column":-2},"end":{"line":29,"column":9}}]},"8":{"type":"branch","line":31,"loc":{"start":{"line":31,"column":4},"end":{"line":44,"column":5}},"locations":[{"start":{"line":31,"column":4},"end":{"line":44,"column":5}}]},"9":{"type":"branch","line":32,"loc":{"start":{"line":32,"column":12},"end":{"line":32,"column":67}},"locations":[{"start":{"line":32,"column":12},"end":{"line":32,"column":67}}]},"10":{"type":"branch","line":32,"loc":{"start":{"line":32,"column":67},"end":{"line":34,"column":9}},"locations":[{"start":{"line":32,"column":67},"end":{"line":34,"column":9}}]},"11":{"type":"branch","line":35,"loc":{"start":{"line":35,"column":12},"end":{"line":35,"column":67}},"locations":[{"start":{"line":35,"column":12},"end":{"line":35,"column":67}}]},"12":{"type":"branch","line":35,"loc":{"start":{"line":35,"column":67},"end":{"line":38,"column":66}},"locations":[{"start":{"line":35,"column":67},"end":{"line":38,"column":66}}]},"13":{"type":"branch","line":38,"loc":{"start":{"line":38,"column":66},"end":{"line":40,"column":9}},"locations":[{"start":{"line":38,"column":66},"end":{"line":40,"column":9}}]},"14":{"type":"branch","line":41,"loc":{"start":{"line":41,"column":-2},"end":{"line":41,"column":66}},"locations":[{"start":{"line":41,"column":-2},"end":{"line":41,"column":66}}]},"15":{"type":"branch","line":41,"loc":{"start":{"line":41,"column":66},"end":{"line":43,"column":9}},"locations":[{"start":{"line":41,"column":66},"end":{"line":43,"column":9}}]},"16":{"type":"branch","line":46,"loc":{"start":{"line":46,"column":4},"end":{"line":82,"column":5}},"locations":[{"start":{"line":46,"column":4},"end":{"line":82,"column":5}}]},"17":{"type":"branch","line":50,"loc":{"start":{"line":50,"column":42},"end":{"line":52,"column":10}},"locations":[{"start":{"line":50,"column":42},"end":{"line":52,"column":10}}]},"18":{"type":"branch","line":50,"loc":{"start":{"line":50,"column":8},"end":{"line":81,"column":9}},"locations":[{"start":{"line":50,"column":8},"end":{"line":81,"column":9}}]},"19":{"type":"branch","line":53,"loc":{"start":{"line":53,"column":17},"end":{"line":53,"column":55}},"locations":[{"start":{"line":53,"column":17},"end":{"line":53,"column":55}}]},"20":{"type":"branch","line":54,"loc":{"start":{"line":54,"column":8},"end":{"line":81,"column":9}},"locations":[{"start":{"line":54,"column":8},"end":{"line":81,"column":9}}]},"21":{"type":"branch","line":60,"loc":{"start":{"line":60,"column":34},"end":{"line":62,"column":13}},"locations":[{"start":{"line":60,"column":34},"end":{"line":62,"column":13}}]},"22":{"type":"branch","line":63,"loc":{"start":{"line":63,"column":34},"end":{"line":65,"column":13}},"locations":[{"start":{"line":63,"column":34},"end":{"line":65,"column":13}}]},"23":{"type":"branch","line":66,"loc":{"start":{"line":66,"column":34},"end":{"line":68,"column":13}},"locations":[{"start":{"line":66,"column":34},"end":{"line":68,"column":13}}]},"24":{"type":"branch","line":69,"loc":{"start":{"line":69,"column":34},"end":{"line":71,"column":13}},"locations":[{"start":{"line":69,"column":34},"end":{"line":71,"column":13}}]},"25":{"type":"branch","line":72,"loc":{"start":{"line":72,"column":34},"end":{"line":74,"column":13}},"locations":[{"start":{"line":72,"column":34},"end":{"line":74,"column":13}}]},"26":{"type":"branch","line":75,"loc":{"start":{"line":75,"column":34},"end":{"line":77,"column":13}},"locations":[{"start":{"line":75,"column":34},"end":{"line":77,"column":13}}]},"27":{"type":"branch","line":83,"loc":{"start":{"line":83,"column":4},"end":{"line":92,"column":5}},"locations":[{"start":{"line":83,"column":4},"end":{"line":92,"column":5}}]},"28":{"type":"branch","line":85,"loc":{"start":{"line":85,"column":26},"end":{"line":91,"column":11}},"locations":[{"start":{"line":85,"column":26},"end":{"line":91,"column":11}}]},"29":{"type":"branch","line":86,"loc":{"start":{"line":86,"column":40},"end":{"line":88,"column":19}},"locations":[{"start":{"line":86,"column":40},"end":{"line":88,"column":19}}]},"30":{"type":"branch","line":86,"loc":{"start":{"line":86,"column":12},"end":{"line":90,"column":13}},"locations":[{"start":{"line":86,"column":12},"end":{"line":90,"column":13}}]}},"b":{"0":[1],"1":[1],"2":[1],"3":[1],"4":[2],"5":[1],"6":[0],"7":[1],"8":[2],"9":[1],"10":[0],"11":[1],"12":[1],"13":[1],"14":[0],"15":[0],"16":[6],"17":[2],"18":[4],"19":[3],"20":[2],"21":[0],"22":[1],"23":[1],"24":[1],"25":[1],"26":[0],"27":[6],"28":[32],"29":[19],"30":[13]},"fnMap":{"0":{"name":"<instance_members_initializer>","decl":{"start":{"line":2,"column":4},"end":{"line":5,"column":13}},"loc":{"start":{"line":2,"column":4},"end":{"line":5,"column":13}},"line":2},"1":{"name":"TennisScore","decl":{"start":{"line":6,"column":4},"end":{"line":10,"column":5}},"loc":{"start":{"line":6,"column":4},"end":{"line":10,"column":5}},"line":6},"2":{"name":"log","decl":{"start":{"line":12,"column":4},"end":{"line":15,"column":5}},"loc":{"start":{"line":12,"column":4},"end":{"line":15,"column":5}},"line":12},"3":{"name":"showData","decl":{"start":{"line":16,"column":4},"end":{"line":19,"column":5}},"loc":{"start":{"line":16,"column":4},"end":{"line":19,"column":5}},"line":16},"4":{"name":"Equality","decl":{"start":{"line":20,"column":4},"end":{"line":30,"column":5}},"loc":{"start":{"line":20,"column":4},"end":{"line":30,"column":5}},"line":20},"5":{"name":"avantageOrWins","decl":{"start":{"line":31,"column":4},"end":{"line":44,"column":5}},"loc":{"start":{"line":31,"column":4},"end":{"line":44,"column":5}},"line":31},"6":{"name":"result","decl":{"start":{"line":46,"column":4},"end":{"line":82,"column":5}},"loc":{"start":{"line":46,"column":4},"end":{"line":82,"column":5}},"line":46},"7":{"name":"calculScore","decl":{"start":{"line":83,"column":4},"end":{"line":92,"column":5}},"loc":{"start":{"line":83,"column":4},"end":{"line":92,"column":5}},"line":83}},"f":{"0":1,"1":1,"2":1,"3":1,"4":2,"5":2,"6":6,"7":6}}
}
