TN:
SF:kata\TennisScore.js
FN:2,<instance_members_initializer>
FN:6,TennisScore
FN:12,log
FN:16,showData
FN:20,Equality
FN:31,avantageOrWins
FN:46,result
FN:83,calculScore
FNF:8
FNH:8
FNDA:1,<instance_members_initializer>
FNDA:1,TennisScore
FNDA:1,log
FNDA:1,showData
FNDA:2,Equality
FNDA:2,avantageOrWins
FNDA:6,result
FNDA:6,calculScore
DA:1,1
DA:2,1
DA:3,1
DA:4,1
DA:5,1
DA:6,1
DA:7,1
DA:8,1
DA:9,1
DA:10,1
DA:11,1
DA:12,1
DA:13,1
DA:14,1
DA:15,1
DA:16,1
DA:17,1
DA:18,1
DA:19,1
DA:20,1
DA:21,2
DA:22,1
DA:23,1
DA:24,2
DA:25,0
DA:26,0
DA:27,1
DA:28,1
DA:29,1
DA:30,2
DA:31,1
DA:32,2
DA:33,0
DA:34,0
DA:35,2
DA:36,1
DA:37,1
DA:38,2
DA:39,1
DA:40,1
DA:41,2
DA:42,0
DA:43,0
DA:44,2
DA:45,1
DA:46,1
DA:47,6
DA:48,6
DA:49,6
DA:50,6
DA:51,4
DA:52,4
DA:53,4
DA:54,4
DA:55,2
DA:56,2
DA:57,2
DA:58,2
DA:59,2
DA:60,2
DA:61,0
DA:62,0
DA:63,2
DA:64,1
DA:65,1
DA:66,2
DA:67,1
DA:68,1
DA:69,2
DA:70,1
DA:71,1
DA:72,2
DA:73,1
DA:74,1
DA:75,2
DA:76,0
DA:77,0
DA:78,2
DA:79,2
DA:80,2
DA:81,2
DA:82,6
DA:83,1
DA:84,6
DA:85,6
DA:86,32
DA:87,13
DA:88,13
DA:89,13
DA:90,13
DA:91,32
DA:92,6
DA:93,1
DA:94,1
DA:95,1
DA:96,1
LF:96
LH:86
BRDA:2,0,0,1
BRDA:6,1,0,1
BRDA:12,2,0,1
BRDA:16,3,0,1
BRDA:20,4,0,2
BRDA:21,5,0,1
BRDA:24,6,0,0
BRDA:27,7,0,1
BRDA:31,8,0,2
BRDA:32,9,0,1
BRDA:32,10,0,0
BRDA:35,11,0,1
BRDA:35,12,0,1
BRDA:38,13,0,1
BRDA:41,14,0,0
BRDA:41,15,0,0
BRDA:46,16,0,6
BRDA:50,17,0,2
BRDA:50,18,0,4
BRDA:53,19,0,3
BRDA:54,20,0,2
BRDA:60,21,0,0
BRDA:63,22,0,1
BRDA:66,23,0,1
BRDA:69,24,0,1
BRDA:72,25,0,1
BRDA:75,26,0,0
BRDA:83,27,0,6
BRDA:85,28,0,32
BRDA:86,29,0,19
BRDA:86,30,0,13
BRF:31
BRH:25
end_of_record
